<?xml version="1.0" encoding="UTF-8"?>
<testng-results ignored="0" total="4" passed="3" failed="1" skipped="0">
  <reporter-output>
  </reporter-output>
  <suite started-at="2024-03-16T08:47:21 IST" name="Suite" finished-at="2024-03-16T08:48:07 IST" duration-ms="45718">
    <groups>
    </groups>
    <test started-at="2024-03-16T08:47:21 IST" name="Test" finished-at="2024-03-16T08:48:07 IST" duration-ms="45718">
      <class name="com.amazon.script.Validate_CheckBox">
        <test-method is-config="true" signature="preCondtion()[pri:0, instance:com.amazon.script.Validate_CheckBox@5119fb47]" started-at="2024-03-16T08:47:47 IST" name="preCondtion" finished-at="2024-03-16T08:47:52 IST" duration-ms="4140" status="PASS">
          <reporter-output>
          </reporter-output>
        </test-method> <!-- preCondtion -->
        <test-method signature="validateChkBox()[pri:0, instance:com.amazon.script.Validate_CheckBox@5119fb47]" started-at="2024-03-16T08:47:52 IST" name="validateChkBox" finished-at="2024-03-16T08:47:54 IST" duration-ms="2499" status="PASS">
          <reporter-output>
          </reporter-output>
        </test-method> <!-- validateChkBox -->
        <test-method is-config="true" signature="postCondtion()[pri:0, instance:com.amazon.script.Validate_CheckBox@5119fb47]" started-at="2024-03-16T08:47:54 IST" name="postCondtion" finished-at="2024-03-16T08:47:54 IST" duration-ms="199" status="PASS">
          <reporter-output>
          </reporter-output>
        </test-method> <!-- postCondtion -->
      </class> <!-- com.amazon.script.Validate_CheckBox -->
      <class name="com.amazon.script.Validate_Valid_LoginPage">
        <test-method is-config="true" signature="preCondtion()[pri:0, instance:com.amazon.script.Validate_Valid_LoginPage@6a192cfe]" started-at="2024-03-16T08:47:36 IST" name="preCondtion" finished-at="2024-03-16T08:47:41 IST" duration-ms="4573" status="PASS">
          <reporter-output>
          </reporter-output>
        </test-method> <!-- preCondtion -->
        <test-method signature="validateValidLoginPage()[pri:0, instance:com.amazon.script.Validate_Valid_LoginPage@6a192cfe]" started-at="2024-03-16T08:47:41 IST" name="validateValidLoginPage" finished-at="2024-03-16T08:47:47 IST" duration-ms="6248" status="PASS">
          <reporter-output>
          </reporter-output>
        </test-method> <!-- validateValidLoginPage -->
        <test-method is-config="true" signature="postCondtion()[pri:0, instance:com.amazon.script.Validate_Valid_LoginPage@6a192cfe]" started-at="2024-03-16T08:47:47 IST" name="postCondtion" finished-at="2024-03-16T08:47:47 IST" duration-ms="202" status="PASS">
          <reporter-output>
          </reporter-output>
        </test-method> <!-- postCondtion -->
      </class> <!-- com.amazon.script.Validate_Valid_LoginPage -->
      <class name="com.amazon.script.Validate_Reports">
        <test-method is-config="true" signature="preCondtion()[pri:0, instance:com.amazon.script.Validate_Reports@7193666c]" started-at="2024-03-16T08:47:54 IST" name="preCondtion" finished-at="2024-03-16T08:48:00 IST" duration-ms="5325" status="PASS">
          <reporter-output>
          </reporter-output>
        </test-method> <!-- preCondtion -->
        <test-method signature="validateReports()[pri:0, instance:com.amazon.script.Validate_Reports@7193666c]" started-at="2024-03-16T08:48:00 IST" name="validateReports" finished-at="2024-03-16T08:48:07 IST" duration-ms="7111" status="FAIL">
          <exception class="org.openqa.selenium.ElementClickInterceptedException">
            <message>
              <![CDATA[element click intercepted: Element <div class="label" style="z-index:155; ">...</div> is not clickable at point (725, 17). Other element would receive the click: <div id="preInsertedTransformedMoireId" class="transformedMoireClass" style="transition: opacity 600ms ease-in-out 0s; opacity: 0;"></div>
  (Session info: chrome=122.0.6261.129)
Build info: version: '4.17.0', revision: 'e52b1be057*'
System info: os.name: 'Windows 11', os.arch: 'amd64', os.version: '10.0', java.version: '19.0.2'
Driver info: org.openqa.selenium.chrome.ChromeDriver
Command: [33a373ca583be4ffd5060eb2004220de, clickElement {id=f.EEE20256CD02F09126F460188C74DA8B.d.253A28BC9591653E9683C0FB3E4A81BE.e.40}]
Capabilities {acceptInsecureCerts: false, browserName: chrome, browserVersion: 122.0.6261.129, chrome: {chromedriverVersion: 122.0.6261.128 (f18a44fedeb..., userDataDir: C:\Users\Bevin\AppData\Loca...}, fedcm:accounts: true, goog:chromeOptions: {debuggerAddress: localhost:62880}, networkConnectionEnabled: false, pageLoadStrategy: normal, platformName: windows, proxy: Proxy(), se:cdp: ws://localhost:62880/devtoo..., se:cdpVersion: 122.0.6261.129, setWindowRect: true, strictFileInteractability: false, timeouts: {implicit: 0, pageLoad: 300000, script: 30000}, unhandledPromptBehavior: dismiss and notify, webauthn:extension:credBlob: true, webauthn:extension:largeBlob: true, webauthn:extension:minPinLength: true, webauthn:extension:prf: true, webauthn:virtualAuthenticators: true}
Element: [[ChromeDriver: chrome on windows (33a373ca583be4ffd5060eb2004220de)] -> xpath: //div[text()='REPORTS']]
Session ID: 33a373ca583be4ffd5060eb2004220de]]>
            </message>
            <full-stacktrace>
              <![CDATA[org.openqa.selenium.ElementClickInterceptedException: element click intercepted: Element <div class="label" style="z-index:155; ">...</div> is not clickable at point (725, 17). Other element would receive the click: <div id="preInsertedTransformedMoireId" class="transformedMoireClass" style="transition: opacity 600ms ease-in-out 0s; opacity: 0;"></div>
  (Session info: chrome=122.0.6261.129)
Build info: version: '4.17.0', revision: 'e52b1be057*'
System info: os.name: 'Windows 11', os.arch: 'amd64', os.version: '10.0', java.version: '19.0.2'
Driver info: org.openqa.selenium.chrome.ChromeDriver
Command: [33a373ca583be4ffd5060eb2004220de, clickElement {id=f.EEE20256CD02F09126F460188C74DA8B.d.253A28BC9591653E9683C0FB3E4A81BE.e.40}]
Capabilities {acceptInsecureCerts: false, browserName: chrome, browserVersion: 122.0.6261.129, chrome: {chromedriverVersion: 122.0.6261.128 (f18a44fedeb..., userDataDir: C:\Users\Bevin\AppData\Loca...}, fedcm:accounts: true, goog:chromeOptions: {debuggerAddress: localhost:62880}, networkConnectionEnabled: false, pageLoadStrategy: normal, platformName: windows, proxy: Proxy(), se:cdp: ws://localhost:62880/devtoo..., se:cdpVersion: 122.0.6261.129, setWindowRect: true, strictFileInteractability: false, timeouts: {implicit: 0, pageLoad: 300000, script: 30000}, unhandledPromptBehavior: dismiss and notify, webauthn:extension:credBlob: true, webauthn:extension:largeBlob: true, webauthn:extension:minPinLength: true, webauthn:extension:prf: true, webauthn:virtualAuthenticators: true}
Element: [[ChromeDriver: chrome on windows (33a373ca583be4ffd5060eb2004220de)] -> xpath: //div[text()='REPORTS']]
Session ID: 33a373ca583be4ffd5060eb2004220de
at java.base/jdk.internal.reflect.DirectConstructorHandleAccessor.newInstance(DirectConstructorHandleAccessor.java:67)
at java.base/java.lang.reflect.Constructor.newInstanceWithCaller(Constructor.java:500)
at java.base/java.lang.reflect.Constructor.newInstance(Constructor.java:484)
at org.openqa.selenium.remote.codec.w3c.W3CHttpResponseCodec.createException(W3CHttpResponseCodec.java:185)
at org.openqa.selenium.remote.codec.w3c.W3CHttpResponseCodec.decode(W3CHttpResponseCodec.java:134)
at org.openqa.selenium.remote.codec.w3c.W3CHttpResponseCodec.decode(W3CHttpResponseCodec.java:51)
at org.openqa.selenium.remote.HttpCommandExecutor.execute(HttpCommandExecutor.java:190)
at org.openqa.selenium.remote.service.DriverCommandExecutor.invokeExecute(DriverCommandExecutor.java:216)
at org.openqa.selenium.remote.service.DriverCommandExecutor.execute(DriverCommandExecutor.java:174)
at org.openqa.selenium.remote.RemoteWebDriver.execute(RemoteWebDriver.java:519)
at org.openqa.selenium.remote.RemoteWebElement.execute(RemoteWebElement.java:223)
at org.openqa.selenium.remote.RemoteWebElement.click(RemoteWebElement.java:76)
at java.base/jdk.internal.reflect.DirectMethodHandleAccessor.invoke(DirectMethodHandleAccessor.java:104)
at java.base/java.lang.reflect.Method.invoke(Method.java:578)
at org.openqa.selenium.support.pagefactory.internal.LocatingElementHandler.invoke(LocatingElementHandler.java:51)
at jdk.proxy2/jdk.proxy2.$Proxy14.click(Unknown Source)
at com.amazon.pom.DownLoadReports.clickonReports(DownLoadReports.java:42)
at com.amazon.script.Validate_Reports.validateReports(Validate_Reports.java:22)
at java.base/jdk.internal.reflect.DirectMethodHandleAccessor.invoke(DirectMethodHandleAccessor.java:104)
at java.base/java.lang.reflect.Method.invoke(Method.java:578)
at org.testng.internal.MethodInvocationHelper.invokeMethod(MethodInvocationHelper.java:133)
at org.testng.internal.TestInvoker.invokeMethod(TestInvoker.java:598)
at org.testng.internal.TestInvoker.invokeTestMethod(TestInvoker.java:173)
at org.testng.internal.MethodRunner.runInSequence(MethodRunner.java:46)
at org.testng.internal.TestInvoker$MethodInvocationAgent.invoke(TestInvoker.java:824)
at org.testng.internal.TestInvoker.invokeTestMethods(TestInvoker.java:146)
at org.testng.internal.TestMethodWorker.invokeTestMethods(TestMethodWorker.java:146)
at org.testng.internal.TestMethodWorker.run(TestMethodWorker.java:128)
at java.base/java.util.ArrayList.forEach(ArrayList.java:1511)
at org.testng.TestRunner.privateRun(TestRunner.java:794)
at org.testng.TestRunner.run(TestRunner.java:596)
at org.testng.SuiteRunner.runTest(SuiteRunner.java:377)
at org.testng.SuiteRunner.runSequentially(SuiteRunner.java:371)
at org.testng.SuiteRunner.privateRun(SuiteRunner.java:332)
at org.testng.SuiteRunner.run(SuiteRunner.java:276)
at org.testng.SuiteRunnerWorker.runSuite(SuiteRunnerWorker.java:53)
at org.testng.SuiteRunnerWorker.run(SuiteRunnerWorker.java:96)
at org.testng.TestNG.runSuitesSequentially(TestNG.java:1212)
at org.testng.TestNG.runSuitesLocally(TestNG.java:1134)
at org.testng.TestNG.runSuites(TestNG.java:1063)
at org.testng.TestNG.run(TestNG.java:1031)
at org.testng.remote.AbstractRemoteTestNG.run(AbstractRemoteTestNG.java:115)
at org.testng.remote.RemoteTestNG.initAndRun(RemoteTestNG.java:251)
at org.testng.remote.RemoteTestNG.main(RemoteTestNG.java:77)
]]>
            </full-stacktrace>
          </exception> <!-- org.openqa.selenium.ElementClickInterceptedException -->
          <reporter-output>
          </reporter-output>
        </test-method> <!-- validateReports -->
        <test-method is-config="true" signature="postCondtion()[pri:0, instance:com.amazon.script.Validate_Reports@7193666c]" started-at="2024-03-16T08:48:07 IST" name="postCondtion" finished-at="2024-03-16T08:48:07 IST" duration-ms="392" status="PASS">
          <reporter-output>
          </reporter-output>
        </test-method> <!-- postCondtion -->
      </class> <!-- com.amazon.script.Validate_Reports -->
      <class name="com.amazon.script.Validate_HomePage">
        <test-method is-config="true" signature="preCondtion()[pri:0, instance:com.amazon.script.Validate_HomePage@30ee2816]" started-at="2024-03-16T08:47:21 IST" name="preCondtion" finished-at="2024-03-16T08:47:29 IST" duration-ms="7904" status="PASS">
          <reporter-output>
          </reporter-output>
        </test-method> <!-- preCondtion -->
        <test-method signature="validateHomePage()[pri:0, instance:com.amazon.script.Validate_HomePage@30ee2816]" started-at="2024-03-16T08:47:29 IST" name="validateHomePage" finished-at="2024-03-16T08:47:36 IST" duration-ms="6746" status="PASS">
          <reporter-output>
          </reporter-output>
        </test-method> <!-- validateHomePage -->
        <test-method is-config="true" signature="postCondtion()[pri:0, instance:com.amazon.script.Validate_HomePage@30ee2816]" started-at="2024-03-16T08:47:36 IST" name="postCondtion" finished-at="2024-03-16T08:47:36 IST" duration-ms="288" status="PASS">
          <reporter-output>
          </reporter-output>
        </test-method> <!-- postCondtion -->
      </class> <!-- com.amazon.script.Validate_HomePage -->
    </test> <!-- Test -->
  </suite> <!-- Suite -->
</testng-results>
